<?xml version="1.0" encoding="UTF-8"?>
<robot generator="Robot 3.1.1 (Python 3.6.2 on win32)" generated="20190222 10:21:48.098" rpa="false">
<suite id="s1" name="Robotproject1" source="C:\Users\velliyaD\git\RobotProject_Dhanush\Robotproject1">
<suite id="s1-s1" name="Test" source="C:\Users\velliyaD\git\RobotProject_Dhanush\Robotproject1\Test">
<suite id="s1-s1-s1" name="Testsuite1" source="C:\Users\velliyaD\git\RobotProject_Dhanush\Robotproject1\Test\Testsuite1.robot">
<test id="s1-s1-s1-t1" name="MyFirstTest">
<kw name="Log" library="BuiltIn">
<doc>Logs the given message with the given level.</doc>
<arguments>
<arg>Hello World...</arg>
</arguments>
<msg timestamp="20190222 10:21:48.858" level="INFO">Hello World...</msg>
<status status="PASS" starttime="20190222 10:21:48.857" endtime="20190222 10:21:48.861"></status>
</kw>
<status status="PASS" starttime="20190222 10:21:48.854" endtime="20190222 10:21:48.865" critical="yes"></status>
</test>
<test id="s1-s1-s1-t2" name="FirstSeleniumTest">
<kw name="Open Browser" library="SeleniumLibrary">
<doc>Opens a new browser instance to the given ``url``.</doc>
<arguments>
<arg>https://google.com</arg>
<arg>Chrome</arg>
</arguments>
<msg timestamp="20190222 10:21:48.868" level="INFO">Opening browser 'Chrome' to base url 'https://google.com'.</msg>
<status status="PASS" starttime="20190222 10:21:48.867" endtime="20190222 10:21:56.252"></status>
</kw>
<kw name="Set Browser Implicit Wait" library="SeleniumLibrary">
<doc>Sets the implicit wait value used by Selenium.</doc>
<arguments>
<arg>5</arg>
</arguments>
<status status="PASS" starttime="20190222 10:21:56.252" endtime="20190222 10:21:56.269"></status>
</kw>
<kw name="Input Text" library="SeleniumLibrary">
<doc>Types the given ``text`` into text field identified by ``locator``.</doc>
<arguments>
<arg>name=q</arg>
<arg>Facebook.com</arg>
</arguments>
<msg timestamp="20190222 10:21:56.273" level="INFO">Typing text 'Facebook.com' into text field 'name=q'.</msg>
<status status="PASS" starttime="20190222 10:21:56.270" endtime="20190222 10:21:56.450"></status>
</kw>
<kw name="Press Keys" library="SeleniumLibrary">
<doc>Simulates user pressing key(s) to an element or on the active browser.</doc>
<arguments>
<arg>name=q</arg>
<arg>ENTER</arg>
</arguments>
<msg timestamp="20190222 10:21:56.451" level="INFO">Sending key(s) ('ENTER',) to name=q element.</msg>
<msg timestamp="20190222 10:21:56.466" level="INFO">Pressing special key ENTER to element.</msg>
<status status="PASS" starttime="20190222 10:21:56.450" endtime="20190222 10:21:58.403"></status>
</kw>
<kw name="Sleep" library="BuiltIn">
<doc>Pauses the test executed for the given time.</doc>
<arguments>
<arg>4</arg>
</arguments>
<msg timestamp="20190222 10:22:02.407" level="INFO">Slept 4 seconds</msg>
<status status="PASS" starttime="20190222 10:21:58.404" endtime="20190222 10:22:02.407"></status>
</kw>
<kw name="Close Browser" library="SeleniumLibrary">
<doc>Closes the current browser.</doc>
<status status="PASS" starttime="20190222 10:22:02.408" endtime="20190222 10:22:04.474"></status>
</kw>
<status status="PASS" starttime="20190222 10:21:48.866" endtime="20190222 10:22:04.476" critical="yes"></status>
</test>
<test id="s1-s1-s1-t3" name="LoginTest">
<kw name="Open Browser" library="SeleniumLibrary">
<doc>Opens a new browser instance to the given ``url``.</doc>
<arguments>
<arg>https://www.google.com/gmail/</arg>
<arg>Chrome</arg>
</arguments>
<msg timestamp="20190222 10:22:04.486" level="INFO">Opening browser 'Chrome' to base url 'https://www.google.com/gmail/'.</msg>
<status status="PASS" starttime="20190222 10:22:04.483" endtime="20190222 10:22:08.260"></status>
</kw>
<kw name="Set Browser Implicit Wait" library="SeleniumLibrary">
<doc>Sets the implicit wait value used by Selenium.</doc>
<arguments>
<arg>5</arg>
</arguments>
<status status="PASS" starttime="20190222 10:22:08.261" endtime="20190222 10:22:08.336"></status>
</kw>
<kw name="Input Text" library="SeleniumLibrary">
<doc>Types the given ``text`` into text field identified by ``locator``.</doc>
<arguments>
<arg>name=identifier</arg>
<arg>dhanushirtt@gmail.com</arg>
</arguments>
<msg timestamp="20190222 10:22:08.340" level="INFO">Typing text 'dhanushirtt@gmail.com' into text field 'name=identifier'.</msg>
<kw name="Capture Page Screenshot" library="SeleniumLibrary">
<doc>Takes screenshot of the current page and embeds it into log file.</doc>
<msg timestamp="20190222 10:22:08.437" level="FAIL">NoSuchWindowException: Message: no such window: target window already closed
from unknown error: web view not found
  (Session info: chrome=72.0.3626.109)
  (Driver info: chromedriver=2.46.628402 (536cd7adbad73a3783fdc2cab92ab2ba7ec361e1),platform=Windows NT 10.0.17134 x86_64)
</msg>
<status status="FAIL" starttime="20190222 10:22:08.368" endtime="20190222 10:22:08.438"></status>
</kw>
<msg timestamp="20190222 10:22:08.441" level="WARN">Keyword 'Capture Page Screenshot' could not be run on failure: NoSuchWindowException: Message: no such window: target window already closed
from unknown error: web view not found
  (Session info: chrome=72.0.3626.109)
  (Driver info: chromedriver=2.46.628402 (536cd7adbad73a3783fdc2cab92ab2ba7ec361e1),platform=Windows NT 10.0.17134 x86_64)
</msg>
<msg timestamp="20190222 10:22:08.460" level="FAIL">NoSuchWindowException: Message: no such window: target window already closed
from unknown error: web view not found
  (Session info: chrome=72.0.3626.109)
  (Driver info: chromedriver=2.46.628402 (536cd7adbad73a3783fdc2cab92ab2ba7ec361e1),platform=Windows NT 10.0.17134 x86_64)
</msg>
<status status="FAIL" starttime="20190222 10:22:08.337" endtime="20190222 10:22:08.460"></status>
</kw>
<status status="FAIL" starttime="20190222 10:22:04.480" endtime="20190222 10:22:08.462" critical="yes">NoSuchWindowException: Message: no such window: target window already closed
from unknown error: web view not found
  (Session info: chrome=72.0.3626.109)
  (Driver info: chromedriver=2.46.628402 (536cd7adbad73a3783fdc2cab92ab2ba7ec361e1),platform=Windows NT 10.0.17134 x86_64)
</status>
</test>
<status status="FAIL" starttime="20190222 10:21:48.544" endtime="20190222 10:22:08.465"></status>
</suite>
<status status="FAIL" starttime="20190222 10:21:48.536" endtime="20190222 10:22:08.480"></status>
</suite>
<status status="FAIL" starttime="20190222 10:21:48.436" endtime="20190222 10:22:08.491"></status>
</suite>
<statistics>
<total>
<stat pass="2" fail="1">Critical Tests</stat>
<stat pass="2" fail="1">All Tests</stat>
</total>
<tag>
</tag>
<suite>
<stat pass="2" fail="1" id="s1" name="Robotproject1">Robotproject1</stat>
<stat pass="2" fail="1" id="s1-s1" name="Test">Robotproject1.Test</stat>
<stat pass="2" fail="1" id="s1-s1-s1" name="Testsuite1">Robotproject1.Test.Testsuite1</stat>
</suite>
</statistics>
<errors>
<msg timestamp="20190222 10:22:08.441" level="WARN">Keyword 'Capture Page Screenshot' could not be run on failure: NoSuchWindowException: Message: no such window: target window already closed
from unknown error: web view not found
  (Session info: chrome=72.0.3626.109)
  (Driver info: chromedriver=2.46.628402 (536cd7adbad73a3783fdc2cab92ab2ba7ec361e1),platform=Windows NT 10.0.17134 x86_64)
</msg>
</errors>
</robot>
